  CApplication.cpp
c:\users\daniel\documents\visual studio 2015\projects\destructo\destructo\CRendererDirectX11.h(4): fatal error C1083: Datei (Include) kann nicht geöffnet werden: "d3dx11async.h": No such file or directory
  CMouse.cpp
  CRendererDirect2D.cpp
CRendererDirect2D.cpp(39): warning C4800: "BOOL": Variable wird auf booleschen Wert ("True" oder "False") gesetzt (Auswirkungen auf Leistungsverhalten möglich)
CRendererDirect2D.cpp(114): warning C4244: "=": Konvertierung von "int" in "FLOAT", möglicher Datenverlust
CRendererDirect2D.cpp(115): warning C4244: "=": Konvertierung von "int" in "FLOAT", möglicher Datenverlust
CRendererDirect2D.cpp(116): warning C4244: "=": Konvertierung von "int" in "FLOAT", möglicher Datenverlust
CRendererDirect2D.cpp(117): warning C4244: "=": Konvertierung von "int" in "FLOAT", möglicher Datenverlust
CRendererDirect2D.cpp(166): warning C4244: "=": Konvertierung von "int" in "float", möglicher Datenverlust
CRendererDirect2D.cpp(167): warning C4244: "=": Konvertierung von "int" in "float", möglicher Datenverlust
CRendererDirect2D.cpp(171): warning C4244: "=": Konvertierung von "unsigned int" in "float", möglicher Datenverlust
CRendererDirect2D.cpp(172): warning C4244: "=": Konvertierung von "unsigned int" in "float", möglicher Datenverlust
CRendererDirect2D.cpp(183): warning C4244: "Argument": Konvertierung von "float" in "int", möglicher Datenverlust
  CRendererDirectX11.cpp
c:\users\daniel\documents\visual studio 2015\projects\destructo\destructo\CRendererDirectX11.h(4): fatal error C1083: Datei (Include) kann nicht geöffnet werden: "d3dx11async.h": No such file or directory
  CRendererGDI.cpp
CRendererGDI.cpp(24): warning C4800: "BOOL": Variable wird auf booleschen Wert ("True" oder "False") gesetzt (Auswirkungen auf Leistungsverhalten möglich)
CRendererGDI.cpp(36): warning C4800: "BOOL": Variable wird auf booleschen Wert ("True" oder "False") gesetzt (Auswirkungen auf Leistungsverhalten möglich)
CRendererGDI.cpp(92): error C2664: "int DrawTextW(HDC,LPCWSTR,int,LPRECT,UINT)" : Konvertierung von Argument 2 von "const char *" in "LPCWSTR" nicht möglich
  CRendererGDI.cpp(92): note: Die Typen, auf die verwiesen wird, sind nicht verknüpft; die Konvertierung erfordert einen reinterpret_cast-Operator oder eine Typumwandlung im C- oder Funktionsformat.
CRendererGDI.cpp(93): error C2664: "int DrawTextW(HDC,LPCWSTR,int,LPRECT,UINT)" : Konvertierung von Argument 2 von "const char *" in "LPCWSTR" nicht möglich
  CRendererGDI.cpp(93): note: Die Typen, auf die verwiesen wird, sind nicht verknüpft; die Konvertierung erfordert einen reinterpret_cast-Operator oder eine Typumwandlung im C- oder Funktionsformat.
CRendererGDI.cpp(110): warning C4244: "=": Konvertierung von "int" in "float", möglicher Datenverlust
CRendererGDI.cpp(111): warning C4244: "=": Konvertierung von "int" in "float", möglicher Datenverlust
CRendererGDI.cpp(115): warning C4244: "=": Konvertierung von "unsigned int" in "float", möglicher Datenverlust
CRendererGDI.cpp(116): warning C4244: "=": Konvertierung von "unsigned int" in "float", möglicher Datenverlust
CRendererGDI.cpp(127): warning C4244: "Argument": Konvertierung von "float" in "int", möglicher Datenverlust
  CRendererOpenGL.cpp
CRendererOpenGL.cpp(102): warning C4244: "=": Konvertierung von "int" in "float", möglicher Datenverlust
CRendererOpenGL.cpp(103): warning C4244: "=": Konvertierung von "int" in "float", möglicher Datenverlust
CRendererOpenGL.cpp(104): warning C4244: "=": Konvertierung von "int" in "float", möglicher Datenverlust
CRendererOpenGL.cpp(105): warning C4244: "=": Konvertierung von "int" in "float", möglicher Datenverlust
CRendererOpenGL.cpp(108): warning C4244: "=": Konvertierung von "int" in "float", möglicher Datenverlust
CRendererOpenGL.cpp(109): warning C4244: "=": Konvertierung von "int" in "float", möglicher Datenverlust
CRendererOpenGL.cpp(110): warning C4244: "=": Konvertierung von "int" in "float", möglicher Datenverlust
CRendererOpenGL.cpp(111): warning C4244: "=": Konvertierung von "int" in "float", möglicher Datenverlust
CRendererOpenGL.cpp(152): warning C4244: "=": Konvertierung von "int" in "float", möglicher Datenverlust
CRendererOpenGL.cpp(153): warning C4244: "=": Konvertierung von "int" in "float", möglicher Datenverlust
CRendererOpenGL.cpp(157): warning C4244: "=": Konvertierung von "unsigned int" in "float", möglicher Datenverlust
CRendererOpenGL.cpp(158): warning C4244: "=": Konvertierung von "unsigned int" in "float", möglicher Datenverlust
CRendererOpenGL.cpp(169): warning C4244: "Argument": Konvertierung von "float" in "int", möglicher Datenverlust
  CScene.cpp
CScene.cpp(72): warning C4244: "Argument": Konvertierung von "float" in "int", möglicher Datenverlust
CScene.cpp(73): warning C4244: "Argument": Konvertierung von "float" in "int", möglicher Datenverlust
CScene.cpp(74): warning C4244: "Argument": Konvertierung von "float" in "int", möglicher Datenverlust
CScene.cpp(80): warning C4477: "sprintf_s": Die Formatzeichenfolge "%d" erfordert ein Argument vom Typ "int", das variadic-Argument "6" weist aber den Typ "double" auf.
  CSoundEngine.cpp
c:\users\daniel\documents\visual studio 2015\projects\destructo\destructo\CSoundEngine.h(3): fatal error C1083: Datei (Include) kann nicht geöffnet werden: "fmod.hpp": No such file or directory
  CTextureDirect2D.cpp
  CTextureDirectX11.cpp
c:\users\daniel\documents\visual studio 2015\projects\destructo\destructo\CTextureDirectX11.h(4): fatal error C1083: Datei (Include) kann nicht geöffnet werden: "d3dx11async.h": No such file or directory
  CTextureGDI.cpp
CTextureGDI.cpp(7): error C2664: "HANDLE LoadImageW(HINSTANCE,LPCWSTR,UINT,int,int,UINT)" : Konvertierung von Argument 2 von "char *" in "LPCWSTR" nicht möglich
  CTextureGDI.cpp(7): note: Die Typen, auf die verwiesen wird, sind nicht verknüpft; die Konvertierung erfordert einen reinterpret_cast-Operator oder eine Typumwandlung im C- oder Funktionsformat.
  CTextureOpenGL.cpp
  CUIButton.cpp
  CUISystem.cpp
c:\users\daniel\documents\visual studio 2015\projects\destructo\destructo\CRendererDirectX11.h(4): fatal error C1083: Datei (Include) kann nicht geöffnet werden: "d3dx11async.h": No such file or directory
  CWindow.cpp
CWindow.cpp(30): error C2664: "HWND CreateWindowExW(DWORD,LPCWSTR,LPCWSTR,DWORD,int,int,int,int,HWND,HMENU,HINSTANCE,LPVOID)" : Konvertierung von Argument 2 von "const char *" in "LPCWSTR" nicht möglich
  CWindow.cpp(30): note: Die Typen, auf die verwiesen wird, sind nicht verknüpft; die Konvertierung erfordert einen reinterpret_cast-Operator oder eine Typumwandlung im C- oder Funktionsformat.
  CGameTimer.cpp
  GlobalFunctions.cpp
GlobalFunctions.cpp(38): warning C4018: "<": Konflikt zwischen "signed" und "unsigned"
  CInput.cpp
  CInputManager.cpp
  main.cpp
c:\users\daniel\documents\visual studio 2015\projects\destructo\destructo\CRendererDirectX11.h(4): fatal error C1083: Datei (Include) kann nicht geöffnet werden: "d3dx11async.h": No such file or directory
  Kompilieren...
  SMatrix4x4.cpp
  SVector3.cpp
