  main.cpp
c:\program files (x86)\microsoft directx sdk (june 2010)\include\dxgitype.h(12): warning C4005: "DXGI_STATUS_OCCLUDED": Makro-Neudefinition
  c:\program files (x86)\windows kits\8.1\include\shared\winerror.h(50092): note: Siehe vorherige Definition von "DXGI_STATUS_OCCLUDED"
c:\program files (x86)\microsoft directx sdk (june 2010)\include\dxgitype.h(13): warning C4005: "DXGI_STATUS_CLIPPED": Makro-Neudefinition
  c:\program files (x86)\windows kits\8.1\include\shared\winerror.h(50101): note: Siehe vorherige Definition von "DXGI_STATUS_CLIPPED"
c:\program files (x86)\microsoft directx sdk (june 2010)\include\dxgitype.h(14): warning C4005: "DXGI_STATUS_NO_REDIRECTION": Makro-Neudefinition
  c:\program files (x86)\windows kits\8.1\include\shared\winerror.h(50110): note: Siehe vorherige Definition von "DXGI_STATUS_NO_REDIRECTION"
c:\program files (x86)\microsoft directx sdk (june 2010)\include\dxgitype.h(15): warning C4005: "DXGI_STATUS_NO_DESKTOP_ACCESS": Makro-Neudefinition
  c:\program files (x86)\windows kits\8.1\include\shared\winerror.h(50119): note: Siehe vorherige Definition von "DXGI_STATUS_NO_DESKTOP_ACCESS"
c:\program files (x86)\microsoft directx sdk (june 2010)\include\dxgitype.h(16): warning C4005: "DXGI_STATUS_GRAPHICS_VIDPN_SOURCE_IN_USE": Makro-Neudefinition
  c:\program files (x86)\windows kits\8.1\include\shared\winerror.h(50128): note: Siehe vorherige Definition von "DXGI_STATUS_GRAPHICS_VIDPN_SOURCE_IN_USE"
c:\program files (x86)\microsoft directx sdk (june 2010)\include\dxgitype.h(17): warning C4005: "DXGI_STATUS_MODE_CHANGED": Makro-Neudefinition
  c:\program files (x86)\windows kits\8.1\include\shared\winerror.h(50137): note: Siehe vorherige Definition von "DXGI_STATUS_MODE_CHANGED"
c:\program files (x86)\microsoft directx sdk (june 2010)\include\dxgitype.h(18): warning C4005: "DXGI_STATUS_MODE_CHANGE_IN_PROGRESS": Makro-Neudefinition
  c:\program files (x86)\windows kits\8.1\include\shared\winerror.h(50146): note: Siehe vorherige Definition von "DXGI_STATUS_MODE_CHANGE_IN_PROGRESS"
c:\program files (x86)\microsoft directx sdk (june 2010)\include\dxgitype.h(21): warning C4005: "DXGI_ERROR_INVALID_CALL": Makro-Neudefinition
  c:\program files (x86)\windows kits\8.1\include\shared\winerror.h(50161): note: Siehe vorherige Definition von "DXGI_ERROR_INVALID_CALL"
c:\program files (x86)\microsoft directx sdk (june 2010)\include\dxgitype.h(22): warning C4005: "DXGI_ERROR_NOT_FOUND": Makro-Neudefinition
  c:\program files (x86)\windows kits\8.1\include\shared\winerror.h(50170): note: Siehe vorherige Definition von "DXGI_ERROR_NOT_FOUND"
c:\program files (x86)\microsoft directx sdk (june 2010)\include\dxgitype.h(23): warning C4005: "DXGI_ERROR_MORE_DATA": Makro-Neudefinition
  c:\program files (x86)\windows kits\8.1\include\shared\winerror.h(50179): note: Siehe vorherige Definition von "DXGI_ERROR_MORE_DATA"
c:\program files (x86)\microsoft directx sdk (june 2010)\include\dxgitype.h(24): warning C4005: "DXGI_ERROR_UNSUPPORTED": Makro-Neudefinition
  c:\program files (x86)\windows kits\8.1\include\shared\winerror.h(50188): note: Siehe vorherige Definition von "DXGI_ERROR_UNSUPPORTED"
c:\program files (x86)\microsoft directx sdk (june 2010)\include\dxgitype.h(25): warning C4005: "DXGI_ERROR_DEVICE_REMOVED": Makro-Neudefinition
  c:\program files (x86)\windows kits\8.1\include\shared\winerror.h(50197): note: Siehe vorherige Definition von "DXGI_ERROR_DEVICE_REMOVED"
c:\program files (x86)\microsoft directx sdk (june 2010)\include\dxgitype.h(26): warning C4005: "DXGI_ERROR_DEVICE_HUNG": Makro-Neudefinition
  c:\program files (x86)\windows kits\8.1\include\shared\winerror.h(50206): note: Siehe vorherige Definition von "DXGI_ERROR_DEVICE_HUNG"
c:\program files (x86)\microsoft directx sdk (june 2010)\include\dxgitype.h(27): warning C4005: "DXGI_ERROR_DEVICE_RESET": Makro-Neudefinition
  c:\program files (x86)\windows kits\8.1\include\shared\winerror.h(50216): note: Siehe vorherige Definition von "DXGI_ERROR_DEVICE_RESET"
c:\program files (x86)\microsoft directx sdk (june 2010)\include\dxgitype.h(28): warning C4005: "DXGI_ERROR_WAS_STILL_DRAWING": Makro-Neudefinition
  c:\program files (x86)\windows kits\8.1\include\shared\winerror.h(50225): note: Siehe vorherige Definition von "DXGI_ERROR_WAS_STILL_DRAWING"
c:\program files (x86)\microsoft directx sdk (june 2010)\include\dxgitype.h(29): warning C4005: "DXGI_ERROR_FRAME_STATISTICS_DISJOINT": Makro-Neudefinition
  c:\program files (x86)\windows kits\8.1\include\shared\winerror.h(50235): note: Siehe vorherige Definition von "DXGI_ERROR_FRAME_STATISTICS_DISJOINT"
c:\program files (x86)\microsoft directx sdk (june 2010)\include\dxgitype.h(30): warning C4005: "DXGI_ERROR_GRAPHICS_VIDPN_SOURCE_IN_USE": Makro-Neudefinition
  c:\program files (x86)\windows kits\8.1\include\shared\winerror.h(50244): note: Siehe vorherige Definition von "DXGI_ERROR_GRAPHICS_VIDPN_SOURCE_IN_USE"
c:\program files (x86)\microsoft directx sdk (june 2010)\include\dxgitype.h(31): warning C4005: "DXGI_ERROR_DRIVER_INTERNAL_ERROR": Makro-Neudefinition
  c:\program files (x86)\windows kits\8.1\include\shared\winerror.h(50254): note: Siehe vorherige Definition von "DXGI_ERROR_DRIVER_INTERNAL_ERROR"
c:\program files (x86)\microsoft directx sdk (june 2010)\include\dxgitype.h(32): warning C4005: "DXGI_ERROR_NONEXCLUSIVE": Makro-Neudefinition
  c:\program files (x86)\windows kits\8.1\include\shared\winerror.h(50263): note: Siehe vorherige Definition von "DXGI_ERROR_NONEXCLUSIVE"
c:\program files (x86)\microsoft directx sdk (june 2010)\include\dxgitype.h(33): warning C4005: "DXGI_ERROR_NOT_CURRENTLY_AVAILABLE": Makro-Neudefinition
  c:\program files (x86)\windows kits\8.1\include\shared\winerror.h(50272): note: Siehe vorherige Definition von "DXGI_ERROR_NOT_CURRENTLY_AVAILABLE"
c:\program files (x86)\microsoft directx sdk (june 2010)\include\dxgitype.h(34): warning C4005: "DXGI_ERROR_REMOTE_CLIENT_DISCONNECTED": Makro-Neudefinition
  c:\program files (x86)\windows kits\8.1\include\shared\winerror.h(50282): note: Siehe vorherige Definition von "DXGI_ERROR_REMOTE_CLIENT_DISCONNECTED"
c:\program files (x86)\microsoft directx sdk (june 2010)\include\dxgitype.h(35): warning C4005: "DXGI_ERROR_REMOTE_OUTOFMEMORY": Makro-Neudefinition
  c:\program files (x86)\windows kits\8.1\include\shared\winerror.h(50291): note: Siehe vorherige Definition von "DXGI_ERROR_REMOTE_OUTOFMEMORY"
c:\program files (x86)\microsoft directx sdk (june 2010)\include\d3d11.h(917): warning C4005: "D3D11_ERROR_TOO_MANY_UNIQUE_STATE_OBJECTS": Makro-Neudefinition
  c:\program files (x86)\windows kits\8.1\include\shared\winerror.h(50469): note: Siehe vorherige Definition von "D3D11_ERROR_TOO_MANY_UNIQUE_STATE_OBJECTS"
c:\program files (x86)\microsoft directx sdk (june 2010)\include\d3d11.h(918): warning C4005: "D3D11_ERROR_FILE_NOT_FOUND": Makro-Neudefinition
  c:\program files (x86)\windows kits\8.1\include\shared\winerror.h(50478): note: Siehe vorherige Definition von "D3D11_ERROR_FILE_NOT_FOUND"
c:\program files (x86)\microsoft directx sdk (june 2010)\include\d3d11.h(919): warning C4005: "D3D11_ERROR_TOO_MANY_UNIQUE_VIEW_OBJECTS": Makro-Neudefinition
  c:\program files (x86)\windows kits\8.1\include\shared\winerror.h(50488): note: Siehe vorherige Definition von "D3D11_ERROR_TOO_MANY_UNIQUE_VIEW_OBJECTS"
c:\program files (x86)\microsoft directx sdk (june 2010)\include\d3d11.h(920): warning C4005: "D3D11_ERROR_DEFERRED_CONTEXT_MAP_WITHOUT_INITIAL_DISCARD": Makro-Neudefinition
  c:\program files (x86)\windows kits\8.1\include\shared\winerror.h(50497): note: Siehe vorherige Definition von "D3D11_ERROR_DEFERRED_CONTEXT_MAP_WITHOUT_INITIAL_DISCARD"
c:\program files (x86)\microsoft directx sdk (june 2010)\include\d3d10.h(608): warning C4005: "D3D10_ERROR_TOO_MANY_UNIQUE_STATE_OBJECTS": Makro-Neudefinition
  c:\program files (x86)\windows kits\8.1\include\shared\winerror.h(50445): note: Siehe vorherige Definition von "D3D10_ERROR_TOO_MANY_UNIQUE_STATE_OBJECTS"
c:\program files (x86)\microsoft directx sdk (june 2010)\include\d3d10.h(609): warning C4005: "D3D10_ERROR_FILE_NOT_FOUND": Makro-Neudefinition
  c:\program files (x86)\windows kits\8.1\include\shared\winerror.h(50454): note: Siehe vorherige Definition von "D3D10_ERROR_FILE_NOT_FOUND"
  CUISystem.cpp
c:\program files (x86)\microsoft directx sdk (june 2010)\include\dxgitype.h(12): warning C4005: "DXGI_STATUS_OCCLUDED": Makro-Neudefinition
  c:\program files (x86)\windows kits\8.1\include\shared\winerror.h(50092): note: Siehe vorherige Definition von "DXGI_STATUS_OCCLUDED"
c:\program files (x86)\microsoft directx sdk (june 2010)\include\dxgitype.h(13): warning C4005: "DXGI_STATUS_CLIPPED": Makro-Neudefinition
  c:\program files (x86)\windows kits\8.1\include\shared\winerror.h(50101): note: Siehe vorherige Definition von "DXGI_STATUS_CLIPPED"
c:\program files (x86)\microsoft directx sdk (june 2010)\include\dxgitype.h(14): warning C4005: "DXGI_STATUS_NO_REDIRECTION": Makro-Neudefinition
  c:\program files (x86)\windows kits\8.1\include\shared\winerror.h(50110): note: Siehe vorherige Definition von "DXGI_STATUS_NO_REDIRECTION"
c:\program files (x86)\microsoft directx sdk (june 2010)\include\dxgitype.h(15): warning C4005: "DXGI_STATUS_NO_DESKTOP_ACCESS": Makro-Neudefinition
  c:\program files (x86)\windows kits\8.1\include\shared\winerror.h(50119): note: Siehe vorherige Definition von "DXGI_STATUS_NO_DESKTOP_ACCESS"
c:\program files (x86)\microsoft directx sdk (june 2010)\include\dxgitype.h(16): warning C4005: "DXGI_STATUS_GRAPHICS_VIDPN_SOURCE_IN_USE": Makro-Neudefinition
  c:\program files (x86)\windows kits\8.1\include\shared\winerror.h(50128): note: Siehe vorherige Definition von "DXGI_STATUS_GRAPHICS_VIDPN_SOURCE_IN_USE"
c:\program files (x86)\microsoft directx sdk (june 2010)\include\dxgitype.h(17): warning C4005: "DXGI_STATUS_MODE_CHANGED": Makro-Neudefinition
  c:\program files (x86)\windows kits\8.1\include\shared\winerror.h(50137): note: Siehe vorherige Definition von "DXGI_STATUS_MODE_CHANGED"
c:\program files (x86)\microsoft directx sdk (june 2010)\include\dxgitype.h(18): warning C4005: "DXGI_STATUS_MODE_CHANGE_IN_PROGRESS": Makro-Neudefinition
  c:\program files (x86)\windows kits\8.1\include\shared\winerror.h(50146): note: Siehe vorherige Definition von "DXGI_STATUS_MODE_CHANGE_IN_PROGRESS"
c:\program files (x86)\microsoft directx sdk (june 2010)\include\dxgitype.h(21): warning C4005: "DXGI_ERROR_INVALID_CALL": Makro-Neudefinition
  c:\program files (x86)\windows kits\8.1\include\shared\winerror.h(50161): note: Siehe vorherige Definition von "DXGI_ERROR_INVALID_CALL"
c:\program files (x86)\microsoft directx sdk (june 2010)\include\dxgitype.h(22): warning C4005: "DXGI_ERROR_NOT_FOUND": Makro-Neudefinition
  c:\program files (x86)\windows kits\8.1\include\shared\winerror.h(50170): note: Siehe vorherige Definition von "DXGI_ERROR_NOT_FOUND"
c:\program files (x86)\microsoft directx sdk (june 2010)\include\dxgitype.h(23): warning C4005: "DXGI_ERROR_MORE_DATA": Makro-Neudefinition
  c:\program files (x86)\windows kits\8.1\include\shared\winerror.h(50179): note: Siehe vorherige Definition von "DXGI_ERROR_MORE_DATA"
c:\program files (x86)\microsoft directx sdk (june 2010)\include\dxgitype.h(24): warning C4005: "DXGI_ERROR_UNSUPPORTED": Makro-Neudefinition
  c:\program files (x86)\windows kits\8.1\include\shared\winerror.h(50188): note: Siehe vorherige Definition von "DXGI_ERROR_UNSUPPORTED"
c:\program files (x86)\microsoft directx sdk (june 2010)\include\dxgitype.h(25): warning C4005: "DXGI_ERROR_DEVICE_REMOVED": Makro-Neudefinition
  c:\program files (x86)\windows kits\8.1\include\shared\winerror.h(50197): note: Siehe vorherige Definition von "DXGI_ERROR_DEVICE_REMOVED"
c:\program files (x86)\microsoft directx sdk (june 2010)\include\dxgitype.h(26): warning C4005: "DXGI_ERROR_DEVICE_HUNG": Makro-Neudefinition
  c:\program files (x86)\windows kits\8.1\include\shared\winerror.h(50206): note: Siehe vorherige Definition von "DXGI_ERROR_DEVICE_HUNG"
c:\program files (x86)\microsoft directx sdk (june 2010)\include\dxgitype.h(27): warning C4005: "DXGI_ERROR_DEVICE_RESET": Makro-Neudefinition
  c:\program files (x86)\windows kits\8.1\include\shared\winerror.h(50216): note: Siehe vorherige Definition von "DXGI_ERROR_DEVICE_RESET"
c:\program files (x86)\microsoft directx sdk (june 2010)\include\dxgitype.h(28): warning C4005: "DXGI_ERROR_WAS_STILL_DRAWING": Makro-Neudefinition
  c:\program files (x86)\windows kits\8.1\include\shared\winerror.h(50225): note: Siehe vorherige Definition von "DXGI_ERROR_WAS_STILL_DRAWING"
c:\program files (x86)\microsoft directx sdk (june 2010)\include\dxgitype.h(29): warning C4005: "DXGI_ERROR_FRAME_STATISTICS_DISJOINT": Makro-Neudefinition
  c:\program files (x86)\windows kits\8.1\include\shared\winerror.h(50235): note: Siehe vorherige Definition von "DXGI_ERROR_FRAME_STATISTICS_DISJOINT"
c:\program files (x86)\microsoft directx sdk (june 2010)\include\dxgitype.h(30): warning C4005: "DXGI_ERROR_GRAPHICS_VIDPN_SOURCE_IN_USE": Makro-Neudefinition
  c:\program files (x86)\windows kits\8.1\include\shared\winerror.h(50244): note: Siehe vorherige Definition von "DXGI_ERROR_GRAPHICS_VIDPN_SOURCE_IN_USE"
c:\program files (x86)\microsoft directx sdk (june 2010)\include\dxgitype.h(31): warning C4005: "DXGI_ERROR_DRIVER_INTERNAL_ERROR": Makro-Neudefinition
  c:\program files (x86)\windows kits\8.1\include\shared\winerror.h(50254): note: Siehe vorherige Definition von "DXGI_ERROR_DRIVER_INTERNAL_ERROR"
c:\program files (x86)\microsoft directx sdk (june 2010)\include\dxgitype.h(32): warning C4005: "DXGI_ERROR_NONEXCLUSIVE": Makro-Neudefinition
  c:\program files (x86)\windows kits\8.1\include\shared\winerror.h(50263): note: Siehe vorherige Definition von "DXGI_ERROR_NONEXCLUSIVE"
c:\program files (x86)\microsoft directx sdk (june 2010)\include\dxgitype.h(33): warning C4005: "DXGI_ERROR_NOT_CURRENTLY_AVAILABLE": Makro-Neudefinition
  c:\program files (x86)\windows kits\8.1\include\shared\winerror.h(50272): note: Siehe vorherige Definition von "DXGI_ERROR_NOT_CURRENTLY_AVAILABLE"
c:\program files (x86)\microsoft directx sdk (june 2010)\include\dxgitype.h(34): warning C4005: "DXGI_ERROR_REMOTE_CLIENT_DISCONNECTED": Makro-Neudefinition
  c:\program files (x86)\windows kits\8.1\include\shared\winerror.h(50282): note: Siehe vorherige Definition von "DXGI_ERROR_REMOTE_CLIENT_DISCONNECTED"
c:\program files (x86)\microsoft directx sdk (june 2010)\include\dxgitype.h(35): warning C4005: "DXGI_ERROR_REMOTE_OUTOFMEMORY": Makro-Neudefinition
  c:\program files (x86)\windows kits\8.1\include\shared\winerror.h(50291): note: Siehe vorherige Definition von "DXGI_ERROR_REMOTE_OUTOFMEMORY"
c:\program files (x86)\microsoft directx sdk (june 2010)\include\d3d11.h(917): warning C4005: "D3D11_ERROR_TOO_MANY_UNIQUE_STATE_OBJECTS": Makro-Neudefinition
  c:\program files (x86)\windows kits\8.1\include\shared\winerror.h(50469): note: Siehe vorherige Definition von "D3D11_ERROR_TOO_MANY_UNIQUE_STATE_OBJECTS"
c:\program files (x86)\microsoft directx sdk (june 2010)\include\d3d11.h(918): warning C4005: "D3D11_ERROR_FILE_NOT_FOUND": Makro-Neudefinition
  c:\program files (x86)\windows kits\8.1\include\shared\winerror.h(50478): note: Siehe vorherige Definition von "D3D11_ERROR_FILE_NOT_FOUND"
c:\program files (x86)\microsoft directx sdk (june 2010)\include\d3d11.h(919): warning C4005: "D3D11_ERROR_TOO_MANY_UNIQUE_VIEW_OBJECTS": Makro-Neudefinition
  c:\program files (x86)\windows kits\8.1\include\shared\winerror.h(50488): note: Siehe vorherige Definition von "D3D11_ERROR_TOO_MANY_UNIQUE_VIEW_OBJECTS"
c:\program files (x86)\microsoft directx sdk (june 2010)\include\d3d11.h(920): warning C4005: "D3D11_ERROR_DEFERRED_CONTEXT_MAP_WITHOUT_INITIAL_DISCARD": Makro-Neudefinition
  c:\program files (x86)\windows kits\8.1\include\shared\winerror.h(50497): note: Siehe vorherige Definition von "D3D11_ERROR_DEFERRED_CONTEXT_MAP_WITHOUT_INITIAL_DISCARD"
c:\program files (x86)\microsoft directx sdk (june 2010)\include\d3d10.h(608): warning C4005: "D3D10_ERROR_TOO_MANY_UNIQUE_STATE_OBJECTS": Makro-Neudefinition
  c:\program files (x86)\windows kits\8.1\include\shared\winerror.h(50445): note: Siehe vorherige Definition von "D3D10_ERROR_TOO_MANY_UNIQUE_STATE_OBJECTS"
c:\program files (x86)\microsoft directx sdk (june 2010)\include\d3d10.h(609): warning C4005: "D3D10_ERROR_FILE_NOT_FOUND": Makro-Neudefinition
  c:\program files (x86)\windows kits\8.1\include\shared\winerror.h(50454): note: Siehe vorherige Definition von "D3D10_ERROR_FILE_NOT_FOUND"
  CScene.cpp
  CApplication.cpp
c:\program files (x86)\microsoft directx sdk (june 2010)\include\dxgitype.h(12): warning C4005: "DXGI_STATUS_OCCLUDED": Makro-Neudefinition
  c:\program files (x86)\windows kits\8.1\include\shared\winerror.h(50092): note: Siehe vorherige Definition von "DXGI_STATUS_OCCLUDED"
c:\program files (x86)\microsoft directx sdk (june 2010)\include\dxgitype.h(13): warning C4005: "DXGI_STATUS_CLIPPED": Makro-Neudefinition
  c:\program files (x86)\windows kits\8.1\include\shared\winerror.h(50101): note: Siehe vorherige Definition von "DXGI_STATUS_CLIPPED"
c:\program files (x86)\microsoft directx sdk (june 2010)\include\dxgitype.h(14): warning C4005: "DXGI_STATUS_NO_REDIRECTION": Makro-Neudefinition
  c:\program files (x86)\windows kits\8.1\include\shared\winerror.h(50110): note: Siehe vorherige Definition von "DXGI_STATUS_NO_REDIRECTION"
c:\program files (x86)\microsoft directx sdk (june 2010)\include\dxgitype.h(15): warning C4005: "DXGI_STATUS_NO_DESKTOP_ACCESS": Makro-Neudefinition
  c:\program files (x86)\windows kits\8.1\include\shared\winerror.h(50119): note: Siehe vorherige Definition von "DXGI_STATUS_NO_DESKTOP_ACCESS"
c:\program files (x86)\microsoft directx sdk (june 2010)\include\dxgitype.h(16): warning C4005: "DXGI_STATUS_GRAPHICS_VIDPN_SOURCE_IN_USE": Makro-Neudefinition
  c:\program files (x86)\windows kits\8.1\include\shared\winerror.h(50128): note: Siehe vorherige Definition von "DXGI_STATUS_GRAPHICS_VIDPN_SOURCE_IN_USE"
c:\program files (x86)\microsoft directx sdk (june 2010)\include\dxgitype.h(17): warning C4005: "DXGI_STATUS_MODE_CHANGED": Makro-Neudefinition
  c:\program files (x86)\windows kits\8.1\include\shared\winerror.h(50137): note: Siehe vorherige Definition von "DXGI_STATUS_MODE_CHANGED"
c:\program files (x86)\microsoft directx sdk (june 2010)\include\dxgitype.h(18): warning C4005: "DXGI_STATUS_MODE_CHANGE_IN_PROGRESS": Makro-Neudefinition
  c:\program files (x86)\windows kits\8.1\include\shared\winerror.h(50146): note: Siehe vorherige Definition von "DXGI_STATUS_MODE_CHANGE_IN_PROGRESS"
c:\program files (x86)\microsoft directx sdk (june 2010)\include\dxgitype.h(21): warning C4005: "DXGI_ERROR_INVALID_CALL": Makro-Neudefinition
  c:\program files (x86)\windows kits\8.1\include\shared\winerror.h(50161): note: Siehe vorherige Definition von "DXGI_ERROR_INVALID_CALL"
c:\program files (x86)\microsoft directx sdk (june 2010)\include\dxgitype.h(22): warning C4005: "DXGI_ERROR_NOT_FOUND": Makro-Neudefinition
  c:\program files (x86)\windows kits\8.1\include\shared\winerror.h(50170): note: Siehe vorherige Definition von "DXGI_ERROR_NOT_FOUND"
c:\program files (x86)\microsoft directx sdk (june 2010)\include\dxgitype.h(23): warning C4005: "DXGI_ERROR_MORE_DATA": Makro-Neudefinition
  c:\program files (x86)\windows kits\8.1\include\shared\winerror.h(50179): note: Siehe vorherige Definition von "DXGI_ERROR_MORE_DATA"
c:\program files (x86)\microsoft directx sdk (june 2010)\include\dxgitype.h(24): warning C4005: "DXGI_ERROR_UNSUPPORTED": Makro-Neudefinition
  c:\program files (x86)\windows kits\8.1\include\shared\winerror.h(50188): note: Siehe vorherige Definition von "DXGI_ERROR_UNSUPPORTED"
c:\program files (x86)\microsoft directx sdk (june 2010)\include\dxgitype.h(25): warning C4005: "DXGI_ERROR_DEVICE_REMOVED": Makro-Neudefinition
  c:\program files (x86)\windows kits\8.1\include\shared\winerror.h(50197): note: Siehe vorherige Definition von "DXGI_ERROR_DEVICE_REMOVED"
c:\program files (x86)\microsoft directx sdk (june 2010)\include\dxgitype.h(26): warning C4005: "DXGI_ERROR_DEVICE_HUNG": Makro-Neudefinition
  c:\program files (x86)\windows kits\8.1\include\shared\winerror.h(50206): note: Siehe vorherige Definition von "DXGI_ERROR_DEVICE_HUNG"
c:\program files (x86)\microsoft directx sdk (june 2010)\include\dxgitype.h(27): warning C4005: "DXGI_ERROR_DEVICE_RESET": Makro-Neudefinition
  c:\program files (x86)\windows kits\8.1\include\shared\winerror.h(50216): note: Siehe vorherige Definition von "DXGI_ERROR_DEVICE_RESET"
c:\program files (x86)\microsoft directx sdk (june 2010)\include\dxgitype.h(28): warning C4005: "DXGI_ERROR_WAS_STILL_DRAWING": Makro-Neudefinition
  c:\program files (x86)\windows kits\8.1\include\shared\winerror.h(50225): note: Siehe vorherige Definition von "DXGI_ERROR_WAS_STILL_DRAWING"
c:\program files (x86)\microsoft directx sdk (june 2010)\include\dxgitype.h(29): warning C4005: "DXGI_ERROR_FRAME_STATISTICS_DISJOINT": Makro-Neudefinition
  c:\program files (x86)\windows kits\8.1\include\shared\winerror.h(50235): note: Siehe vorherige Definition von "DXGI_ERROR_FRAME_STATISTICS_DISJOINT"
c:\program files (x86)\microsoft directx sdk (june 2010)\include\dxgitype.h(30): warning C4005: "DXGI_ERROR_GRAPHICS_VIDPN_SOURCE_IN_USE": Makro-Neudefinition
  c:\program files (x86)\windows kits\8.1\include\shared\winerror.h(50244): note: Siehe vorherige Definition von "DXGI_ERROR_GRAPHICS_VIDPN_SOURCE_IN_USE"
c:\program files (x86)\microsoft directx sdk (june 2010)\include\dxgitype.h(31): warning C4005: "DXGI_ERROR_DRIVER_INTERNAL_ERROR": Makro-Neudefinition
  c:\program files (x86)\windows kits\8.1\include\shared\winerror.h(50254): note: Siehe vorherige Definition von "DXGI_ERROR_DRIVER_INTERNAL_ERROR"
c:\program files (x86)\microsoft directx sdk (june 2010)\include\dxgitype.h(32): warning C4005: "DXGI_ERROR_NONEXCLUSIVE": Makro-Neudefinition
  c:\program files (x86)\windows kits\8.1\include\shared\winerror.h(50263): note: Siehe vorherige Definition von "DXGI_ERROR_NONEXCLUSIVE"
c:\program files (x86)\microsoft directx sdk (june 2010)\include\dxgitype.h(33): warning C4005: "DXGI_ERROR_NOT_CURRENTLY_AVAILABLE": Makro-Neudefinition
  c:\program files (x86)\windows kits\8.1\include\shared\winerror.h(50272): note: Siehe vorherige Definition von "DXGI_ERROR_NOT_CURRENTLY_AVAILABLE"
c:\program files (x86)\microsoft directx sdk (june 2010)\include\dxgitype.h(34): warning C4005: "DXGI_ERROR_REMOTE_CLIENT_DISCONNECTED": Makro-Neudefinition
  c:\program files (x86)\windows kits\8.1\include\shared\winerror.h(50282): note: Siehe vorherige Definition von "DXGI_ERROR_REMOTE_CLIENT_DISCONNECTED"
c:\program files (x86)\microsoft directx sdk (june 2010)\include\dxgitype.h(35): warning C4005: "DXGI_ERROR_REMOTE_OUTOFMEMORY": Makro-Neudefinition
  c:\program files (x86)\windows kits\8.1\include\shared\winerror.h(50291): note: Siehe vorherige Definition von "DXGI_ERROR_REMOTE_OUTOFMEMORY"
c:\program files (x86)\microsoft directx sdk (june 2010)\include\d3d11.h(917): warning C4005: "D3D11_ERROR_TOO_MANY_UNIQUE_STATE_OBJECTS": Makro-Neudefinition
  c:\program files (x86)\windows kits\8.1\include\shared\winerror.h(50469): note: Siehe vorherige Definition von "D3D11_ERROR_TOO_MANY_UNIQUE_STATE_OBJECTS"
c:\program files (x86)\microsoft directx sdk (june 2010)\include\d3d11.h(918): warning C4005: "D3D11_ERROR_FILE_NOT_FOUND": Makro-Neudefinition
  c:\program files (x86)\windows kits\8.1\include\shared\winerror.h(50478): note: Siehe vorherige Definition von "D3D11_ERROR_FILE_NOT_FOUND"
c:\program files (x86)\microsoft directx sdk (june 2010)\include\d3d11.h(919): warning C4005: "D3D11_ERROR_TOO_MANY_UNIQUE_VIEW_OBJECTS": Makro-Neudefinition
  c:\program files (x86)\windows kits\8.1\include\shared\winerror.h(50488): note: Siehe vorherige Definition von "D3D11_ERROR_TOO_MANY_UNIQUE_VIEW_OBJECTS"
c:\program files (x86)\microsoft directx sdk (june 2010)\include\d3d11.h(920): warning C4005: "D3D11_ERROR_DEFERRED_CONTEXT_MAP_WITHOUT_INITIAL_DISCARD": Makro-Neudefinition
  c:\program files (x86)\windows kits\8.1\include\shared\winerror.h(50497): note: Siehe vorherige Definition von "D3D11_ERROR_DEFERRED_CONTEXT_MAP_WITHOUT_INITIAL_DISCARD"
c:\program files (x86)\microsoft directx sdk (june 2010)\include\d3d10.h(608): warning C4005: "D3D10_ERROR_TOO_MANY_UNIQUE_STATE_OBJECTS": Makro-Neudefinition
  c:\program files (x86)\windows kits\8.1\include\shared\winerror.h(50445): note: Siehe vorherige Definition von "D3D10_ERROR_TOO_MANY_UNIQUE_STATE_OBJECTS"
c:\program files (x86)\microsoft directx sdk (june 2010)\include\d3d10.h(609): warning C4005: "D3D10_ERROR_FILE_NOT_FOUND": Makro-Neudefinition
  c:\program files (x86)\windows kits\8.1\include\shared\winerror.h(50454): note: Siehe vorherige Definition von "D3D10_ERROR_FILE_NOT_FOUND"
  Code wird generiert...
  Destructo.vcxproj -> C:\Users\Daniel\Documents\Visual Studio 2015\Projects\Destructo\Debug\Destructo.exe
  Destructo.vcxproj -> C:\Users\Daniel\Documents\Visual Studio 2015\Projects\Destructo\Debug\Destructo.pdb (Full PDB)
